<?xml version="1.0" encoding="UTF-8"?>
<!-- Generated by org.testng.reporters.JUnitReportReporter -->
<testsuite hostname="jGenel" failures="0" tests="1" name="com.jgenel.automation.tests.LoginTest" time="0.490" errors="0" timestamp="2025-05-21T20:11:22 CST" skipped="0">
  <testcase classname="com.jgenel.automation.tests.LoginTest" name="testValidLogin" time="0.490"/>
  <system-out/>
</testsuite> <!-- com.jgenel.automation.tests.LoginTest -->
