<?xml version="1.0" encoding="UTF-8"?>
<!-- Generated by org.testng.reporters.JUnitReportReporter -->
<testsuite hostname="jGenel" failures="0" tests="1" name="com.jgenel.automation.tests.RegisterTest" time="1.084" errors="0" timestamp="2025-05-21T20:58:55 CST" skipped="0">
  <testcase classname="com.jgenel.automation.tests.RegisterTest" name="testRegistration" time="1.084"/>
  <system-out/>
</testsuite> <!-- com.jgenel.automation.tests.RegisterTest -->
